<?xml version="1.0" encoding="UTF-8"?>
<!-- Generated by org.testng.reporters.JUnitReportReporter -->
<testsuite hostname="PREDATOR" failures="0" tests="2" name="com.JIRA_Cloud.IssueCreationAPI" time="7.019" errors="0" timestamp="2025-04-16T23:05:20 IST" skipped="0">
  <testcase classname="com.JIRA_Cloud.IssueCreationAPI" name="CreateIssue" time="3.049"/>
  <system-out/>
  <testcase classname="com.JIRA_Cloud.IssueCreationAPI" name="AddAttachmentToIssue" time="3.970"/>
  <system-out/>
</testsuite> <!-- com.JIRA_Cloud.IssueCreationAPI -->
